# JRE version: Java(TM) SE Runtime Environment (8.0_111-b14) (build 1.8.0_111-b14)
# Java VM: Java HotSpot(TM) 64-Bit Server VM (25.111-b14 mixed mode bsd-amd64 compressed oops)
Heap:
 PSYoungGen      total 30720K, used 2K [0x0000000795580000, 0x0000000798400000, 0x00000007c0000000)
  eden space 14336K, 0% used [0x0000000795580000,0x0000000795580820,0x0000000796380000)
  from space 16384K, 0% used [0x0000000796380000,0x0000000796380000,0x0000000797380000)
  to   space 16384K, 0% used [0x0000000797400000,0x0000000797400000,0x0000000798400000)
 ParOldGen       total 634880K, used 600268K [0x0000000740000000, 0x0000000766c00000, 0x0000000795580000)
  object space 634880K, 94% used [0x0000000740000000,0x0000000764a330e0,0x0000000766c00000)
 Metaspace       used 33024K, capacity 34694K, committed 35328K, reserved 1079296K
  class space    used 4640K, capacity 4890K, committed 5120K, reserved 1048576K
GC Heap History (10 events):
Event: 4528.999 GC heap before
{Heap before GC invocations=7428 (full 175):
 PSYoungGen      total 25600K, used 12415K [0x0000000795580000, 0x0000000798300000, 0x00000007c0000000)
  eden space 10752K, 0% used [0x0000000795580000,0x0000000795580000,0x0000000796000000)
  from space 14848K, 83% used [0x0000000796000000,0x0000000796c1ffb8,0x0000000796e80000)
  to   space 15872K, 0% used [0x0000000797380000,0x0000000797380000,0x0000000798300000)
 ParOldGen       total 634880K, used 617443K [0x0000000740000000, 0x0000000766c00000, 0x0000000795580000)
  object space 634880K, 97% used [0x0000000740000000,0x0000000765af8ed8,0x0000000766c00000)
 Metaspace       used 33058K, capacity 34720K, committed 35328K, reserved 1079296K
  class space    used 4645K, capacity 4905K, committed 5120K, reserved 1048576K
Event: 4529.053 GC heap after
Heap after GC invocations=7428 (full 175):
 PSYoungGen      total 25600K, used 0K [0x0000000795580000, 0x0000000798300000, 0x00000007c0000000)
  eden space 10752K, 0% used [0x0000000795580000,0x0000000795580000,0x0000000796000000)
  from space 14848K, 0% used [0x0000000796000000,0x0000000796000000,0x0000000796e80000)
  to   space 15872K, 0% used [0x0000000797380000,0x0000000797380000,0x0000000798300000)
 ParOldGen       total 634880K, used 603162K [0x0000000740000000, 0x0000000766c00000, 0x0000000795580000)
  object space 634880K, 95% used [0x0000000740000000,0x0000000764d06970,0x0000000766c00000)
 Metaspace       used 33058K, capacity 34720K, committed 35328K, reserved 1079296K
  class space    used 4645K, capacity 4905K, committed 5120K, reserved 1048576K
}
Event: 4529.065 GC heap before
{Heap before GC invocations=7429 (full 175):
 PSYoungGen      total 25600K, used 268K [0x0000000795580000, 0x0000000798300000, 0x00000007c0000000)
  eden space 10752K, 2% used [0x0000000795580000,0x00000007955c3268,0x0000000796000000)
  from space 14848K, 0% used [0x0000000796000000,0x0000000796000000,0x0000000796e80000)
  to   space 15872K, 0% used [0x0000000797380000,0x0000000797380000,0x0000000798300000)
 ParOldGen       total 634880K, used 603162K [0x0000000740000000, 0x0000000766c00000, 0x0000000795580000)
  object space 634880K, 95% used [0x0000000740000000,0x0000000764d06970,0x0000000766c00000)
 Metaspace       used 33058K, capacity 34720K, committed 35328K, reserved 1079296K
  class space    used 4645K, capacity 4905K, committed 5120K, reserved 1048576K
Event: 4529.069 GC heap after
Heap after GC invocations=7429 (full 175):
 PSYoungGen      total 30208K, used 64K [0x0000000795580000, 0x0000000798400000, 0x00000007c0000000)
  eden space 14336K, 0% used [0x0000000795580000,0x0000000795580000,0x0000000796380000)
  from space 15872K, 0% used [0x0000000797380000,0x0000000797390000,0x0000000798300000)
  to   space 16384K, 0% used [0x0000000796380000,0x0000000796380000,0x0000000797380000)
 ParOldGen       total 634880K, used 603162K [0x0000000740000000, 0x0000000766c00000, 0x0000000795580000)
  object space 634880K, 95% used [0x0000000740000000,0x0000000764d06970,0x0000000766c00000)
 Metaspace       used 33058K, capacity 34720K, committed 35328K, reserved 1079296K
  class space    used 4645K, capacity 4905K, committed 5120K, reserved 1048576K
}
Event: 4529.069 GC heap before
{Heap before GC invocations=7430 (full 176):
 PSYoungGen      total 30208K, used 64K [0x0000000795580000, 0x0000000798400000, 0x00000007c0000000)
  eden space 14336K, 0% used [0x0000000795580000,0x0000000795580000,0x0000000796380000)
  from space 15872K, 0% used [0x0000000797380000,0x0000000797390000,0x0000000798300000)
  to   space 16384K, 0% used [0x0000000796380000,0x0000000796380000,0x0000000797380000)
 ParOldGen       total 634880K, used 603162K [0x0000000740000000, 0x0000000766c00000, 0x0000000795580000)
  object space 634880K, 95% used [0x0000000740000000,0x0000000764d06970,0x0000000766c00000)
 Metaspace       used 33058K, capacity 34720K, committed 35328K, reserved 1079296K
  class space    used 4645K, capacity 4905K, committed 5120K, reserved 1048576K
Event: 4529.115 GC heap after
Heap after GC invocations=7430 (full 176):
 PSYoungGen      total 30208K, used 0K [0x0000000795580000, 0x0000000798400000, 0x00000007c0000000)
  eden space 14336K, 0% used [0x0000000795580000,0x0000000795580000,0x0000000796380000)
  from space 15872K, 0% used [0x0000000797380000,0x0000000797380000,0x0000000798300000)
  to   space 16384K, 0% used [0x0000000796380000,0x0000000796380000,0x0000000797380000)
 ParOldGen       total 634880K, used 600658K [0x0000000740000000, 0x0000000766c00000, 0x0000000795580000)
  object space 634880K, 94% used [0x0000000740000000,0x0000000764a948f0,0x0000000766c00000)
 Metaspace       used 33058K, capacity 34720K, committed 35328K, reserved 1079296K
  class space    used 4645K, capacity 4905K, committed 5120K, reserved 1048576K
}
Event: 8129.122 GC heap before
{Heap before GC invocations=7431 (full 176):
 PSYoungGen      total 30208K, used 11794K [0x0000000795580000, 0x0000000798400000, 0x00000007c0000000)
  eden space 14336K, 82% used [0x0000000795580000,0x0000000796104a80,0x0000000796380000)
  from space 15872K, 0% used [0x0000000797380000,0x0000000797380000,0x0000000798300000)
  to   space 16384K, 0% used [0x0000000796380000,0x0000000796380000,0x0000000797380000)
 ParOldGen       total 634880K, used 600658K [0x0000000740000000, 0x0000000766c00000, 0x0000000795580000)
  object space 634880K, 94% used [0x0000000740000000,0x0000000764a948f0,0x0000000766c00000)
 Metaspace       used 33083K, capacity 34784K, committed 35328K, reserved 1079296K
  class space    used 4648K, capacity 4905K, committed 5120K, reserved 1048576K
Event: 8129.197 GC heap after
Heap after GC invocations=7431 (full 176):
 PSYoungGen      total 30720K, used 247K [0x0000000795580000, 0x0000000798400000, 0x00000007c0000000)
  eden space 14336K, 0% used [0x0000000795580000,0x0000000795580000,0x0000000796380000)
  from space 16384K, 1% used [0x0000000796380000,0x00000007963bdfd0,0x0000000797380000)
  to   space 16384K, 0% used [0x0000000797400000,0x0000000797400000,0x0000000798400000)
 ParOldGen       total 634880K, used 600666K [0x0000000740000000, 0x0000000766c00000, 0x0000000795580000)
  object space 634880K, 94% used [0x0000000740000000,0x0000000764a968f0,0x0000000766c00000)
 Metaspace       used 33083K, capacity 34784K, committed 35328K, reserved 1079296K
  class space    used 4648K, capacity 4905K, committed 5120K, reserved 1048576K
}
Event: 8129.197 GC heap before
{Heap before GC invocations=7432 (full 177):
 PSYoungGen      total 30720K, used 247K [0x0000000795580000, 0x0000000798400000, 0x00000007c0000000)
  eden space 14336K, 0% used [0x0000000795580000,0x0000000795580000,0x0000000796380000)
  from space 16384K, 1% used [0x0000000796380000,0x00000007963bdfd0,0x0000000797380000)
  to   space 16384K, 0% used [0x0000000797400000,0x0000000797400000,0x0000000798400000)
 ParOldGen       total 634880K, used 600666K [0x0000000740000000, 0x0000000766c00000, 0x0000000795580000)
  object space 634880K, 94% used [0x0000000740000000,0x0000000764a968f0,0x0000000766c00000)
 Metaspace       used 33083K, capacity 34784K, committed 35328K, reserved 1079296K
  class space    used 4648K, capacity 4905K, committed 5120K, reserved 1048576K
Event: 8130.705 GC heap after
Heap after GC invocations=7432 (full 177):
 PSYoungGen      total 30720K, used 0K [0x0000000795580000, 0x0000000798400000, 0x00000007c0000000)
  eden space 14336K, 0% used [0x0000000795580000,0x0000000795580000,0x0000000796380000)
  from space 16384K, 0% used [0x0000000796380000,0x0000000796380000,0x0000000797380000)
  to   space 16384K, 0% used [0x0000000797400000,0x0000000797400000,0x0000000798400000)
 ParOldGen       total 634880K, used 600268K [0x0000000740000000, 0x0000000766c00000, 0x0000000795580000)
  object space 634880K, 94% used [0x0000000740000000,0x0000000764a330e0,0x0000000766c00000)
 Metaspace       used 33022K, capacity 34694K, committed 35328K, reserved 1079296K
  class space    used 4640K, capacity 4890K, committed 5120K, reserved 1048576K
}

