# JRE version: Java(TM) SE Runtime Environment (8.0_111-b14) (build 1.8.0_111-b14)
# Java VM: Java HotSpot(TM) 64-Bit Server VM (25.111-b14 mixed mode bsd-amd64 compressed oops)
Heap:
 PSYoungGen      total 121344K, used 1195K [0x0000000795580000, 0x000000079e300000, 0x00000007c0000000)
  eden space 103936K, 1% used [0x0000000795580000,0x00000007956aae48,0x000000079bb00000)
  from space 17408K, 0% used [0x000000079ce00000,0x000000079ce00000,0x000000079df00000)
  to   space 19456K, 0% used [0x000000079bb00000,0x000000079bb00000,0x000000079ce00000)
 ParOldGen       total 87552K, used 43488K [0x0000000740000000, 0x0000000745580000, 0x0000000795580000)
  object space 87552K, 49% used [0x0000000740000000,0x0000000742a78390,0x0000000745580000)
 Metaspace       used 22081K, capacity 22700K, committed 23168K, reserved 1069056K
  class space    used 2694K, capacity 2875K, committed 2944K, reserved 1048576K
GC Heap History (10 events):
Event: 90.329 GC heap before
{Heap before GC invocations=18 (full 4):
 PSYoungGen      total 111104K, used 110821K [0x0000000795580000, 0x000000079e600000, 0x00000007c0000000)
  eden space 110080K, 100% used [0x0000000795580000,0x000000079c100000,0x000000079c100000)
  from space 1024K, 72% used [0x000000079c500000,0x000000079c5b96d8,0x000000079c600000)
  to   space 18944K, 0% used [0x000000079d380000,0x000000079d380000,0x000000079e600000)
 ParOldGen       total 87552K, used 44343K [0x0000000740000000, 0x0000000745580000, 0x0000000795580000)
  object space 87552K, 50% used [0x0000000740000000,0x0000000742b4def0,0x0000000745580000)
 Metaspace       used 22112K, capacity 22852K, committed 22912K, reserved 1069056K
  class space    used 2704K, capacity 2915K, committed 2944K, reserved 1048576K
Event: 90.334 GC heap after
Heap after GC invocations=18 (full 4):
 PSYoungGen      total 119808K, used 640K [0x0000000795580000, 0x000000079e100000, 0x00000007c0000000)
  eden space 105984K, 0% used [0x0000000795580000,0x0000000795580000,0x000000079bd00000)
  from space 13824K, 4% used [0x000000079d380000,0x000000079d420000,0x000000079e100000)
  to   space 18432K, 0% used [0x000000079bd00000,0x000000079bd00000,0x000000079cf00000)
 ParOldGen       total 87552K, used 44447K [0x0000000740000000, 0x0000000745580000, 0x0000000795580000)
  object space 87552K, 50% used [0x0000000740000000,0x0000000742b67f00,0x0000000745580000)
 Metaspace       used 22112K, capacity 22852K, committed 22912K, reserved 1069056K
  class space    used 2704K, capacity 2915K, committed 2944K, reserved 1048576K
}
Event: 96.478 GC heap before
{Heap before GC invocations=19 (full 4):
 PSYoungGen      total 119808K, used 60851K [0x0000000795580000, 0x000000079e100000, 0x00000007c0000000)
  eden space 105984K, 56% used [0x0000000795580000,0x000000079904cda0,0x000000079bd00000)
  from space 13824K, 4% used [0x000000079d380000,0x000000079d420000,0x000000079e100000)
  to   space 18432K, 0% used [0x000000079bd00000,0x000000079bd00000,0x000000079cf00000)
 ParOldGen       total 87552K, used 44447K [0x0000000740000000, 0x0000000745580000, 0x0000000795580000)
  object space 87552K, 50% used [0x0000000740000000,0x0000000742b67f00,0x0000000745580000)
 Metaspace       used 22164K, capacity 22916K, committed 23168K, reserved 1069056K
  class space    used 2712K, capacity 2915K, committed 2944K, reserved 1048576K
Event: 96.480 GC heap after
Heap after GC invocations=19 (full 4):
 PSYoungGen      total 106496K, used 416K [0x0000000795580000, 0x000000079df00000, 0x00000007c0000000)
  eden space 105984K, 0% used [0x0000000795580000,0x0000000795580000,0x000000079bd00000)
  from space 512K, 81% used [0x000000079bd00000,0x000000079bd68000,0x000000079bd80000)
  to   space 17408K, 0% used [0x000000079ce00000,0x000000079ce00000,0x000000079df00000)
 ParOldGen       total 87552K, used 44479K [0x0000000740000000, 0x0000000745580000, 0x0000000795580000)
  object space 87552K, 50% used [0x0000000740000000,0x0000000742b6ff00,0x0000000745580000)
 Metaspace       used 22164K, capacity 22916K, committed 23168K, reserved 1069056K
  class space    used 2712K, capacity 2915K, committed 2944K, reserved 1048576K
}
Event: 96.480 GC heap before
{Heap before GC invocations=20 (full 5):
 PSYoungGen      total 106496K, used 416K [0x0000000795580000, 0x000000079df00000, 0x00000007c0000000)
  eden space 105984K, 0% used [0x0000000795580000,0x0000000795580000,0x000000079bd00000)
  from space 512K, 81% used [0x000000079bd00000,0x000000079bd68000,0x000000079bd80000)
  to   space 17408K, 0% used [0x000000079ce00000,0x000000079ce00000,0x000000079df00000)
 ParOldGen       total 87552K, used 44479K [0x0000000740000000, 0x0000000745580000, 0x0000000795580000)
  object space 87552K, 50% used [0x0000000740000000,0x0000000742b6ff00,0x0000000745580000)
 Metaspace       used 22164K, capacity 22916K, committed 23168K, reserved 1069056K
  class space    used 2712K, capacity 2915K, committed 2944K, reserved 1048576K
Event: 96.545 GC heap after
Heap after GC invocations=20 (full 5):
 PSYoungGen      total 106496K, used 0K [0x0000000795580000, 0x000000079df00000, 0x00000007c0000000)
  eden space 105984K, 0% used [0x0000000795580000,0x0000000795580000,0x000000079bd00000)
  from space 512K, 0% used [0x000000079bd00000,0x000000079bd00000,0x000000079bd80000)
  to   space 17408K, 0% used [0x000000079ce00000,0x000000079ce00000,0x000000079df00000)
 ParOldGen       total 87552K, used 44500K [0x0000000740000000, 0x0000000745580000, 0x0000000795580000)
  object space 87552K, 50% used [0x0000000740000000,0x0000000742b75070,0x0000000745580000)
 Metaspace       used 22164K, capacity 22916K, committed 23168K, reserved 1069056K
  class space    used 2712K, capacity 2915K, committed 2944K, reserved 1048576K
}
Event: 3696.549 GC heap before
{Heap before GC invocations=21 (full 5):
 PSYoungGen      total 106496K, used 10672K [0x0000000795580000, 0x000000079df00000, 0x00000007c0000000)
  eden space 105984K, 10% used [0x0000000795580000,0x0000000795fec168,0x000000079bd00000)
  from space 512K, 0% used [0x000000079bd00000,0x000000079bd00000,0x000000079bd80000)
  to   space 17408K, 0% used [0x000000079ce00000,0x000000079ce00000,0x000000079df00000)
 ParOldGen       total 87552K, used 44500K [0x0000000740000000, 0x0000000745580000, 0x0000000795580000)
  object space 87552K, 50% used [0x0000000740000000,0x0000000742b75070,0x0000000745580000)
 Metaspace       used 22214K, capacity 22916K, committed 23168K, reserved 1069056K
  class space    used 2715K, capacity 2915K, committed 2944K, reserved 1048576K
Event: 3696.634 GC heap after
Heap after GC invocations=21 (full 5):
 PSYoungGen      total 121344K, used 13311K [0x0000000795580000, 0x000000079e300000, 0x00000007c0000000)
  eden space 103936K, 0% used [0x0000000795580000,0x0000000795580000,0x000000079bb00000)
  from space 17408K, 76% used [0x000000079ce00000,0x000000079daffd30,0x000000079df00000)
  to   space 19456K, 0% used [0x000000079bb00000,0x000000079bb00000,0x000000079ce00000)
 ParOldGen       total 87552K, used 44508K [0x0000000740000000, 0x0000000745580000, 0x0000000795580000)
  object space 87552K, 50% used [0x0000000740000000,0x0000000742b77070,0x0000000745580000)
 Metaspace       used 22214K, capacity 22916K, committed 23168K, reserved 1069056K
  class space    used 2715K, capacity 2915K, committed 2944K, reserved 1048576K
}
Event: 3696.634 GC heap before
{Heap before GC invocations=22 (full 6):
 PSYoungGen      total 121344K, used 13311K [0x0000000795580000, 0x000000079e300000, 0x00000007c0000000)
  eden space 103936K, 0% used [0x0000000795580000,0x0000000795580000,0x000000079bb00000)
  from space 17408K, 76% used [0x000000079ce00000,0x000000079daffd30,0x000000079df00000)
  to   space 19456K, 0% used [0x000000079bb00000,0x000000079bb00000,0x000000079ce00000)
 ParOldGen       total 87552K, used 44508K [0x0000000740000000, 0x0000000745580000, 0x0000000795580000)
  object space 87552K, 50% used [0x0000000740000000,0x0000000742b77070,0x0000000745580000)
 Metaspace       used 22214K, capacity 22916K, committed 23168K, reserved 1069056K
  class space    used 2715K, capacity 2915K, committed 2944K, reserved 1048576K
Event: 3697.063 GC heap after
Heap after GC invocations=22 (full 6):
 PSYoungGen      total 121344K, used 0K [0x0000000795580000, 0x000000079e300000, 0x00000007c0000000)
  eden space 103936K, 0% used [0x0000000795580000,0x0000000795580000,0x000000079bb00000)
  from space 17408K, 0% used [0x000000079ce00000,0x000000079ce00000,0x000000079df00000)
  to   space 19456K, 0% used [0x000000079bb00000,0x000000079bb00000,0x000000079ce00000)
 ParOldGen       total 87552K, used 43488K [0x0000000740000000, 0x0000000745580000, 0x0000000795580000)
  object space 87552K, 49% used [0x0000000740000000,0x0000000742a78390,0x0000000745580000)
 Metaspace       used 22079K, capacity 22700K, committed 23168K, reserved 1069056K
  class space    used 2693K, capacity 2875K, committed 2944K, reserved 1048576K
}

